# JRE version: Java(TM) SE Runtime Environment (22.0.2+9) (build 22.0.2+9-70)
# Java VM: Java HotSpot(TM) 64-Bit Server VM (22.0.2+9-70, mixed mode, sharing, tiered, compressed oops, compressed class ptrs, g1 gc, windows-amd64)
GC Precious Log:
 CardTable entry size: 512
 Card Set container configuration: InlinePtr #cards 5 size 8 Array Of Cards #cards 12 size 40 Howl #buckets 4 coarsen threshold 1843 Howl Bitmap #cards 512 size 80 coarsen threshold 460 Card regions per heap region 1 cards per card region 2048
 CPUs: 8 total, 8 available
 Memory: 12125M
 Large Page Support: Disabled
 NUMA Support: Disabled
 Compressed Oops: Enabled (32-bit)
 Heap Region Size: 1M
 Heap Min Capacity: 8M
 Heap Initial Capacity: 190M
 Heap Max Capacity: 2G
 Pre-touch: Disabled
 Parallel Workers: 8
 Concurrent Workers: 2
 Concurrent Refinement Workers: 8
 Periodic GC: Disabled
Heap:
 garbage-first heap   total reserved 2097152K, committed 232448K, used 155823K [0x0000000080000000, 0x0000000100000000)
  region size 1024K, 5 young (5120K), 4 survivors (4096K)
 Metaspace       used 129112K, committed 131776K, reserved 1179648K
  class space    used 18721K, committed 19968K, reserved 1048576K
GC Heap History (20 events):
Event: 37.545 GC heap before
{Heap before GC invocations=43 (full 0):
 garbage-first heap   total reserved 2097152K, committed 178176K, used 123730K [0x0000000080000000, 0x0000000100000000)
  region size 1024K, 21 young (21504K), 5 survivors (5120K)
 Metaspace       used 96705K, committed 99008K, reserved 1179648K
  class space    used 14018K, committed 15104K, reserved 1048576K
}
Event: 37.550 GC heap after
{Heap after GC invocations=44 (full 0):
 garbage-first heap   total reserved 2097152K, committed 178176K, used 110677K [0x0000000080000000, 0x0000000100000000)
  region size 1024K, 3 young (3072K), 3 survivors (3072K)
 Metaspace       used 96705K, committed 99008K, reserved 1179648K
  class space    used 14018K, committed 15104K, reserved 1048576K
}
Event: 39.322 GC heap before
{Heap before GC invocations=45 (full 0):
 garbage-first heap   total reserved 2097152K, committed 194560K, used 164949K [0x0000000080000000, 0x0000000100000000)
  region size 1024K, 52 young (53248K), 3 survivors (3072K)
 Metaspace       used 100266K, committed 102656K, reserved 1179648K
  class space    used 14357K, committed 15488K, reserved 1048576K
}
Event: 39.327 GC heap after
{Heap after GC invocations=46 (full 0):
 garbage-first heap   total reserved 2097152K, committed 194560K, used 114612K [0x0000000080000000, 0x0000000100000000)
  region size 1024K, 7 young (7168K), 7 survivors (7168K)
 Metaspace       used 100266K, committed 102656K, reserved 1179648K
  class space    used 14357K, committed 15488K, reserved 1048576K
}
Event: 39.939 GC heap before
{Heap before GC invocations=46 (full 0):
 garbage-first heap   total reserved 2097152K, committed 194560K, used 174004K [0x0000000080000000, 0x0000000100000000)
  region size 1024K, 66 young (67584K), 7 survivors (7168K)
 Metaspace       used 100350K, committed 102720K, reserved 1179648K
  class space    used 14364K, committed 15488K, reserved 1048576K
}
Event: 39.947 GC heap after
{Heap after GC invocations=47 (full 0):
 garbage-first heap   total reserved 2097152K, committed 194560K, used 116665K [0x0000000080000000, 0x0000000100000000)
  region size 1024K, 6 young (6144K), 6 survivors (6144K)
 Metaspace       used 100350K, committed 102720K, reserved 1179648K
  class space    used 14364K, committed 15488K, reserved 1048576K
}
Event: 49.572 GC heap before
{Heap before GC invocations=47 (full 0):
 garbage-first heap   total reserved 2097152K, committed 194560K, used 175033K [0x0000000080000000, 0x0000000100000000)
  region size 1024K, 64 young (65536K), 6 survivors (6144K)
 Metaspace       used 101609K, committed 103936K, reserved 1179648K
  class space    used 14525K, committed 15680K, reserved 1048576K
}
Event: 49.580 GC heap after
{Heap after GC invocations=48 (full 0):
 garbage-first heap   total reserved 2097152K, committed 194560K, used 122034K [0x0000000080000000, 0x0000000100000000)
  region size 1024K, 8 young (8192K), 8 survivors (8192K)
 Metaspace       used 101609K, committed 103936K, reserved 1179648K
  class space    used 14525K, committed 15680K, reserved 1048576K
}
Event: 52.195 GC heap before
{Heap before GC invocations=49 (full 0):
 garbage-first heap   total reserved 2097152K, committed 204800K, used 174258K [0x0000000080000000, 0x0000000100000000)
  region size 1024K, 60 young (61440K), 8 survivors (8192K)
 Metaspace       used 102702K, committed 105088K, reserved 1179648K
  class space    used 14656K, committed 15808K, reserved 1048576K
}
Event: 52.201 GC heap after
{Heap after GC invocations=50 (full 0):
 garbage-first heap   total reserved 2097152K, committed 204800K, used 122366K [0x0000000080000000, 0x0000000100000000)
  region size 1024K, 5 young (5120K), 5 survivors (5120K)
 Metaspace       used 102702K, committed 105088K, reserved 1179648K
  class space    used 14656K, committed 15808K, reserved 1048576K
}
Event: 71.785 GC heap before
{Heap before GC invocations=50 (full 0):
 garbage-first heap   total reserved 2097152K, committed 204800K, used 190974K [0x0000000080000000, 0x0000000100000000)
  region size 1024K, 67 young (68608K), 5 survivors (5120K)
 Metaspace       used 112965K, committed 115392K, reserved 1179648K
  class space    used 15948K, committed 17088K, reserved 1048576K
}
Event: 71.799 GC heap after
{Heap after GC invocations=51 (full 0):
 garbage-first heap   total reserved 2097152K, committed 206848K, used 132890K [0x0000000080000000, 0x0000000100000000)
  region size 1024K, 9 young (9216K), 9 survivors (9216K)
 Metaspace       used 112965K, committed 115392K, reserved 1179648K
  class space    used 15948K, committed 17088K, reserved 1048576K
}
Event: 73.496 GC heap before
{Heap before GC invocations=51 (full 0):
 garbage-first heap   total reserved 2097152K, committed 206848K, used 185114K [0x0000000080000000, 0x0000000100000000)
  region size 1024K, 61 young (62464K), 9 survivors (9216K)
 Metaspace       used 115221K, committed 117632K, reserved 1179648K
  class space    used 16208K, committed 17344K, reserved 1048576K
}
Event: 73.509 GC heap after
{Heap after GC invocations=52 (full 0):
 garbage-first heap   total reserved 2097152K, committed 206848K, used 138823K [0x0000000080000000, 0x0000000100000000)
  region size 1024K, 8 young (8192K), 8 survivors (8192K)
 Metaspace       used 115221K, committed 117632K, reserved 1179648K
  class space    used 16208K, committed 17344K, reserved 1048576K
}
Event: 75.512 GC heap before
{Heap before GC invocations=53 (full 0):
 garbage-first heap   total reserved 2097152K, committed 232448K, used 186951K [0x0000000080000000, 0x0000000100000000)
  region size 1024K, 54 young (55296K), 8 survivors (8192K)
 Metaspace       used 116488K, committed 118912K, reserved 1179648K
  class space    used 16390K, committed 17536K, reserved 1048576K
}
Event: 75.524 GC heap after
{Heap after GC invocations=54 (full 0):
 garbage-first heap   total reserved 2097152K, committed 232448K, used 146361K [0x0000000080000000, 0x0000000100000000)
  region size 1024K, 7 young (7168K), 7 survivors (7168K)
 Metaspace       used 116488K, committed 118912K, reserved 1179648K
  class space    used 16390K, committed 17536K, reserved 1048576K
}
Event: 76.773 GC heap before
{Heap before GC invocations=54 (full 0):
 garbage-first heap   total reserved 2097152K, committed 232448K, used 207801K [0x0000000080000000, 0x0000000100000000)
  region size 1024K, 68 young (69632K), 7 survivors (7168K)
 Metaspace       used 122751K, committed 125248K, reserved 1179648K
  class space    used 17412K, committed 18624K, reserved 1048576K
}
Event: 76.789 GC heap after
{Heap after GC invocations=55 (full 0):
 garbage-first heap   total reserved 2097152K, committed 232448K, used 154246K [0x0000000080000000, 0x0000000100000000)
  region size 1024K, 9 young (9216K), 9 survivors (9216K)
 Metaspace       used 122751K, committed 125248K, reserved 1179648K
  class space    used 17412K, committed 18624K, reserved 1048576K
}
Event: 80.186 GC heap before
{Heap before GC invocations=55 (full 0):
 garbage-first heap   total reserved 2097152K, committed 232448K, used 208518K [0x0000000080000000, 0x0000000100000000)
  region size 1024K, 63 young (64512K), 9 survivors (9216K)
 Metaspace       used 129355K, committed 131904K, reserved 1179648K
  class space    used 18736K, committed 19968K, reserved 1048576K
}
Event: 80.202 GC heap after
{Heap after GC invocations=56 (full 0):
 garbage-first heap   total reserved 2097152K, committed 232448K, used 156847K [0x0000000080000000, 0x0000000100000000)
  region size 1024K, 4 young (4096K), 4 survivors (4096K)
 Metaspace       used 129355K, committed 131904K, reserved 1179648K
  class space    used 18736K, committed 19968K, reserved 1048576K
}

